[33mWARNING[0m:  [08-12-2023 15:43:13] chroma_server_nofile is not supported on Windows. chroma_server_nofile will not be set.
[32mINFO[0m:     [08-12-2023 15:43:13] Anonymized telemetry enabled. See                     https://docs.trychroma.com/telemetry for more information.
[36mDEBUG[0m:    [08-12-2023 15:43:13] Starting component System
[36mDEBUG[0m:    [08-12-2023 15:43:13] Starting component OpenTelemetryClient
[36mDEBUG[0m:    [08-12-2023 15:43:13] Starting component SimpleAssignmentPolicy
[36mDEBUG[0m:    [08-12-2023 15:43:13] Starting component SqliteDB
[36mDEBUG[0m:    [08-12-2023 15:43:13] Starting component Posthog
[36mDEBUG[0m:    [08-12-2023 15:43:13] Starting component LocalSegmentManager
[36mDEBUG[0m:    [08-12-2023 15:43:13] Starting component SegmentAPI
[32mINFO[0m:     [08-12-2023 15:43:13] Started server process [[36m41428[0m]
[32mINFO[0m:     [08-12-2023 15:43:13] Waiting for application startup.
[32mINFO[0m:     [08-12-2023 15:43:13] Application startup complete.
[32mINFO[0m:     [08-12-2023 15:43:14] Uvicorn running on [1mhttp://localhost:8000[0m (Press CTRL+C to quit)
[32mINFO[0m:     [08-12-2023 16:09:30] Shutting down
[32mINFO[0m:     [08-12-2023 16:09:30] Waiting for application shutdown.
[32mINFO[0m:     [08-12-2023 16:09:30] Application shutdown complete.
[32mINFO[0m:     [08-12-2023 16:09:30] Finished server process [[36m41428[0m]
[33mWARNING[0m:  [08-12-2023 16:24:12] chroma_server_nofile is not supported on Windows. chroma_server_nofile will not be set.
[32mINFO[0m:     [08-12-2023 16:24:12] Anonymized telemetry enabled. See                     https://docs.trychroma.com/telemetry for more information.
[36mDEBUG[0m:    [08-12-2023 16:24:12] Starting component System
[36mDEBUG[0m:    [08-12-2023 16:24:12] Starting component OpenTelemetryClient
[36mDEBUG[0m:    [08-12-2023 16:24:12] Starting component SimpleAssignmentPolicy
[36mDEBUG[0m:    [08-12-2023 16:24:12] Starting component SqliteDB
[36mDEBUG[0m:    [08-12-2023 16:24:12] Starting component Posthog
[36mDEBUG[0m:    [08-12-2023 16:24:12] Starting component LocalSegmentManager
[36mDEBUG[0m:    [08-12-2023 16:24:12] Starting component SegmentAPI
[32mINFO[0m:     [08-12-2023 16:24:12] Started server process [[36m33100[0m]
[32mINFO[0m:     [08-12-2023 16:24:12] Waiting for application startup.
[32mINFO[0m:     [08-12-2023 16:24:12] Application startup complete.
[32mINFO[0m:     [08-12-2023 16:24:12] Uvicorn running on [1mhttp://localhost:8000[0m (Press CTRL+C to quit)
[32mINFO[0m:     [08-12-2023 17:44:11] Shutting down
[32mINFO[0m:     [08-12-2023 17:44:11] Waiting for application shutdown.
[32mINFO[0m:     [08-12-2023 17:44:11] Application shutdown complete.
[32mINFO[0m:     [08-12-2023 17:44:11] Finished server process [[36m33100[0m]
